  PluginProcessor.cpp
  PluginEditor.cpp
  juce_audio_basics.cpp
  juce_audio_devices.cpp
c:\users\chest\documents\independant study\empty\source\pluginprocessor.h(67): warning C4996: 'juce::AudioProcessor::getInputChannelName': was declared deprecated (compiling source file ..\..\Source\PluginEditor.cpp)
  c:\users\chest\juce\modules\juce_audio_processors\processors\juce_audioprocessor.h(949): note: see declaration of 'juce::AudioProcessor::getInputChannelName' (compiling source file ..\..\Source\PluginEditor.cpp)
c:\users\chest\documents\independant study\empty\source\pluginprocessor.h(68): warning C4996: 'juce::AudioProcessor::getOutputChannelName': was declared deprecated (compiling source file ..\..\Source\PluginEditor.cpp)
  c:\users\chest\juce\modules\juce_audio_processors\processors\juce_audioprocessor.h(950): note: see declaration of 'juce::AudioProcessor::getOutputChannelName' (compiling source file ..\..\Source\PluginEditor.cpp)
c:\users\chest\documents\independant study\empty\source\pluginprocessor.h(69): warning C4996: 'juce::AudioProcessor::isInputChannelStereoPair': was declared deprecated (compiling source file ..\..\Source\PluginEditor.cpp)
  c:\users\chest\juce\modules\juce_audio_processors\processors\juce_audioprocessor.h(957): note: see declaration of 'juce::AudioProcessor::isInputChannelStereoPair' (compiling source file ..\..\Source\PluginEditor.cpp)
c:\users\chest\documents\independant study\empty\source\pluginprocessor.h(70): warning C4996: 'juce::AudioProcessor::isOutputChannelStereoPair': was declared deprecated (compiling source file ..\..\Source\PluginEditor.cpp)
  c:\users\chest\juce\modules\juce_audio_processors\processors\juce_audioprocessor.h(958): note: see declaration of 'juce::AudioProcessor::isOutputChannelStereoPair' (compiling source file ..\..\Source\PluginEditor.cpp)
c:\users\chest\documents\independant study\empty\source\pluginprocessor.h(72): warning C4996: 'juce::AudioProcessor::silenceInProducesSilenceOut': was declared deprecated (compiling source file ..\..\Source\PluginEditor.cpp)
  c:\users\chest\juce\modules\juce_audio_processors\processors\juce_audioprocessor.h(1020): note: see declaration of 'juce::AudioProcessor::silenceInProducesSilenceOut' (compiling source file ..\..\Source\PluginEditor.cpp)
c:\users\chest\documents\independant study\empty\source\pluginprocessor.h(67): warning C4996: 'juce::AudioProcessor::getInputChannelName': was declared deprecated (compiling source file ..\..\Source\PluginProcessor.cpp)
  c:\users\chest\juce\modules\juce_audio_processors\processors\juce_audioprocessor.h(949): note: see declaration of 'juce::AudioProcessor::getInputChannelName' (compiling source file ..\..\Source\PluginProcessor.cpp)
c:\users\chest\documents\independant study\empty\source\pluginprocessor.h(68): warning C4996: 'juce::AudioProcessor::getOutputChannelName': was declared deprecated (compiling source file ..\..\Source\PluginProcessor.cpp)
  c:\users\chest\juce\modules\juce_audio_processors\processors\juce_audioprocessor.h(950): note: see declaration of 'juce::AudioProcessor::getOutputChannelName' (compiling source file ..\..\Source\PluginProcessor.cpp)
c:\users\chest\documents\independant study\empty\source\pluginprocessor.h(69): warning C4996: 'juce::AudioProcessor::isInputChannelStereoPair': was declared deprecated (compiling source file ..\..\Source\PluginProcessor.cpp)
  c:\users\chest\juce\modules\juce_audio_processors\processors\juce_audioprocessor.h(957): note: see declaration of 'juce::AudioProcessor::isInputChannelStereoPair' (compiling source file ..\..\Source\PluginProcessor.cpp)
c:\users\chest\documents\independant study\empty\source\pluginprocessor.h(70): warning C4996: 'juce::AudioProcessor::isOutputChannelStereoPair': was declared deprecated (compiling source file ..\..\Source\PluginProcessor.cpp)
  c:\users\chest\juce\modules\juce_audio_processors\processors\juce_audioprocessor.h(958): note: see declaration of 'juce::AudioProcessor::isOutputChannelStereoPair' (compiling source file ..\..\Source\PluginProcessor.cpp)
c:\users\chest\documents\independant study\empty\source\pluginprocessor.h(72): warning C4996: 'juce::AudioProcessor::silenceInProducesSilenceOut': was declared deprecated (compiling source file ..\..\Source\PluginProcessor.cpp)
  c:\users\chest\juce\modules\juce_audio_processors\processors\juce_audioprocessor.h(1020): note: see declaration of 'juce::AudioProcessor::silenceInProducesSilenceOut' (compiling source file ..\..\Source\PluginProcessor.cpp)
c:\users\chest\documents\independant study\empty\source\pluginprocessor.cpp(112): warning C4100: 'index': unreferenced formal parameter
c:\users\chest\documents\independant study\empty\source\pluginprocessor.cpp(117): warning C4100: 'index': unreferenced formal parameter
c:\users\chest\documents\independant study\empty\source\pluginprocessor.cpp(164): warning C4100: 'index': unreferenced formal parameter
c:\users\chest\documents\independant study\empty\source\pluginprocessor.cpp(168): warning C4100: 'index': unreferenced formal parameter
c:\users\chest\documents\independant study\empty\source\pluginprocessor.cpp(173): warning C4100: 'newName': unreferenced formal parameter
c:\users\chest\documents\independant study\empty\source\pluginprocessor.cpp(173): warning C4100: 'index': unreferenced formal parameter
c:\users\chest\documents\independant study\empty\source\pluginprocessor.cpp(178): warning C4100: 'samplesPerBlock': unreferenced formal parameter
c:\users\chest\documents\independant study\empty\source\pluginprocessor.cpp(178): warning C4100: 'sampleRate': unreferenced formal parameter
c:\users\chest\documents\independant study\empty\source\pluginprocessor.cpp(193): warning C4996: 'juce::AudioProcessor::getNumInputChannels': was declared deprecated
  c:\users\chest\juce\modules\juce_audio_processors\processors\juce_audioprocessor.h(934): note: see declaration of 'juce::AudioProcessor::getNumInputChannels'
c:\users\chest\documents\independant study\empty\source\pluginprocessor.cpp(194): warning C4996: 'juce::AudioProcessor::getNumOutputChannels': was declared deprecated
  c:\users\chest\juce\modules\juce_audio_processors\processors\juce_audioprocessor.h(935): note: see declaration of 'juce::AudioProcessor::getNumOutputChannels'
c:\users\chest\documents\independant study\empty\source\pluginprocessor.cpp(190): warning C4100: 'midiMessages': unreferenced formal parameter
  juce_audio_formats.cpp
  juce_audio_plugin_client_utils.cpp
  juce_audio_plugin_client_VST2.cpp
  juce_audio_processors.cpp
  juce_audio_utils.cpp
  juce_core.cpp
  juce_data_structures.cpp
  juce_events.cpp
  juce_graphics.cpp
  juce_gui_basics.cpp
  juce_gui_extra.cpp
  juce_opengl.cpp
     Creating library C:\Users\chest\Documents\Independant Study\empty\Builds\VisualStudio2015\Debug\empty.lib and object C:\Users\chest\Documents\Independant Study\empty\Builds\VisualStudio2015\Debug\empty.exp
  empty.vcxproj -> C:\Users\chest\Documents\Independant Study\empty\Builds\VisualStudio2015\Debug\empty.dll
